Using pre-set license
Built from '2020.2/release' branch; Version is '2020.2.2f1 (068178b99f32) revision 426360'; Using compiler version '192528614'; Build Type 'Release'
OS: 'Windows 10 Home; OS build 19041.746; Version 2004; 64bit' Language: 'fr' Physical Memory: 16267 MB
BatchMode: 1, IsHumanControllingUs: 0, StartBugReporterOnCrash: 0, Is64bit: 1, IsPro: 0

 COMMAND LINE ARGUMENTS:
D:\Program Files\2020.2.2f1\Editor\Unity.exe
-adb2
-batchMode
-noUpm
-name
AssetImportWorker0
-projectPath
C:/Users/thibb/Desktop/ProjetVR_Tuto-main/TP3
-logFile
Logs/AssetImportWorker0.log
-srvPort
2430
Successfully changed project path to: C:/Users/thibb/Desktop/ProjetVR_Tuto-main/TP3
C:/Users/thibb/Desktop/ProjetVR_Tuto-main/TP3
Using Asset Import Pipeline V2.
Refreshing native plugins compatible for Editor in 23.86 ms, found 0 plugins.
Preloading 0 native plugins for Editor in 0.00 ms.
Initialize engine version: 2020.2.2f1 (068178b99f32)
[Subsystems] Discovering subsystems at path D:/Program Files/2020.2.2f1/Editor/Data/Resources/UnitySubsystems
[Subsystems] Discovering subsystems at path C:/Users/thibb/Desktop/ProjetVR_Tuto-main/TP3/Assets
GfxDevice: creating device client; threaded=0
Direct3D:
    Version:  Direct3D 11.0 [level 11.1]
    Renderer: NVIDIA GeForce GTX 1050 (ID=0x1c8d)
    Vendor:   
    VRAM:     4021 MB
    Driver:   27.21.14.6140
Initialize mono
Mono path[0] = 'D:/Program Files/2020.2.2f1/Editor/Data/Managed'
Mono path[1] = 'D:/Program Files/2020.2.2f1/Editor/Data/MonoBleedingEdge/lib/mono/unityjit'
Mono config path = 'D:/Program Files/2020.2.2f1/Editor/Data/MonoBleedingEdge/etc'
Using monoOptions --debugger-agent=transport=dt_socket,embedding=1,server=y,suspend=n,address=127.0.0.1:56800
Begin MonoManager ReloadAssembly
Registering precompiled unity dll's ...
Register platform support module: D:/Program Files/2020.2.2f1/Editor/Data/PlaybackEngines/WindowsStandaloneSupport/UnityEditor.WindowsStandalone.Extensions.dll
Registered in 0.001139 seconds.
Native extension for WindowsStandalone target not found
Refreshing native plugins compatible for Editor in 31.31 ms, found 0 plugins.
Preloading 0 native plugins for Editor in 0.00 ms.
Invoked RoslynAnalysisRunner static constructor.
RoslynAnalysisRunner will not be running.
RoslynAnalysisRunner has terminated.
Mono: successfully reloaded assembly
- Completed reload, in  1.721 seconds
Platform modules already initialized, skipping
Registering precompiled user dll's ...
Registered in 0.000909 seconds.
Begin MonoManager ReloadAssembly
Native extension for WindowsStandalone target not found
Refreshing native plugins compatible for Editor in 0.21 ms, found 0 plugins.
Preloading 0 native plugins for Editor in 0.00 ms.
Invoked RoslynAnalysisRunner static constructor.
RoslynAnalysisRunner will not be running.
RoslynAnalysisRunner has terminated.
Mono: successfully reloaded assembly
- Completed reload, in  0.975 seconds
Platform modules already initialized, skipping
========================================================================
Worker process is ready to serve import requests
Launched and connected shader compiler UnityShaderCompiler.exe after 0.05 seconds
Refreshing native plugins compatible for Editor in 0.22 ms, found 0 plugins.
Preloading 0 native plugins for Editor in 0.00 ms.
Unloading 1114 Unused Serialized files (Serialized files now loaded: 0)
System memory in use before: 58.5 MB.
System memory in use after: 58.5 MB.

Unloading 10 unused Assets to reduce memory usage. Loaded Objects now: 1556.
Total: 2.128400 ms (FindLiveObjects: 0.144100 ms CreateObjectMapping: 0.042300 ms MarkObjects: 1.820300 ms  DeleteObjects: 0.120700 ms)

========================================================================
Received Import Request.
  path: Assets/Ike.asset
  artifactKey: Guid(98fe1f2e596cfc44ab423c991bb690c7) Importer(815301076,1909f56bfc062723c751e8b465ee728b)
Start importing Assets/Ike.asset using Guid(98fe1f2e596cfc44ab423c991bb690c7) Importer(815301076,1909f56bfc062723c751e8b465ee728b)  -> (artifact id: '8b2ee9105ffe00c0b20aaff3373ddb8b') in 0.039550 seconds
  Import took 0.041514 seconds .

========================================================================
Received Import Request.
  Time since last request: 54.243931 seconds.
  path: Assets/8945679_ike-fire-emblem-sprite-of-ike-hd-png.jpg
  artifactKey: Guid(5756897a81705bc4bafe31d4dcc0494d) Importer(815301076,1909f56bfc062723c751e8b465ee728b)
Start importing Assets/8945679_ike-fire-emblem-sprite-of-ike-hd-png.jpg using Guid(5756897a81705bc4bafe31d4dcc0494d) Importer(815301076,1909f56bfc062723c751e8b465ee728b)  -> (artifact id: '9eecc829baa9bef526d3d60a06933276') in 0.105415 seconds
  Import took 0.107786 seconds .

========================================================================
Received Import Request.
  Time since last request: 8.762729 seconds.
  path: Assets/8945679_ike-fire-emblem-sprite-of-ike-hd-png.jpg
  artifactKey: Guid(5756897a81705bc4bafe31d4dcc0494d) Importer(815301076,1909f56bfc062723c751e8b465ee728b)
Start importing Assets/8945679_ike-fire-emblem-sprite-of-ike-hd-png.jpg using Guid(5756897a81705bc4bafe31d4dcc0494d) Importer(815301076,1909f56bfc062723c751e8b465ee728b)  -> (artifact id: '3fac949b6cf9c75ceacbf16243880dc5') in 0.066615 seconds
  Import took 0.069149 seconds .

========================================================================
Received Import Request.
  Time since last request: 204.517676 seconds.
  path: Assets/8945679_ike-fire-emblem-sprite-of-ike-hd-png 1.jpg
  artifactKey: Guid(3f3f6ca058925f441941b56eeeefb775) Importer(815301076,1909f56bfc062723c751e8b465ee728b)
Start importing Assets/8945679_ike-fire-emblem-sprite-of-ike-hd-png 1.jpg using Guid(3f3f6ca058925f441941b56eeeefb775) Importer(815301076,1909f56bfc062723c751e8b465ee728b)  -> (artifact id: 'fe96c663471e4209e76b2ca21b927310') in 0.034946 seconds
  Import took 0.037815 seconds .

========================================================================
Received Import Request.
  Time since last request: 10.278820 seconds.
  path: Assets/8945679_ike-fire-emblem-sprite-of-ike-hd-png 1.jpg
  artifactKey: Guid(3f3f6ca058925f441941b56eeeefb775) Importer(815301076,1909f56bfc062723c751e8b465ee728b)
Start importing Assets/8945679_ike-fire-emblem-sprite-of-ike-hd-png 1.jpg using Guid(3f3f6ca058925f441941b56eeeefb775) Importer(815301076,1909f56bfc062723c751e8b465ee728b)  -> (artifact id: '536f75f7fc161284a63d53ab4becfbc3') in 0.027086 seconds
  Import took 0.029286 seconds .

========================================================================
Received Prepare
Registering precompiled user dll's ...
Registered in 0.000883 seconds.
Begin MonoManager ReloadAssembly
Native extension for WindowsStandalone target not found
Refreshing native plugins compatible for Editor in 0.24 ms, found 0 plugins.
Preloading 0 native plugins for Editor in 0.00 ms.
Invoked RoslynAnalysisRunner static constructor.
RoslynAnalysisRunner will not be running.
RoslynAnalysisRunner has terminated.
Mono: successfully reloaded assembly
- Completed reload, in  0.842 seconds
Platform modules already initialized, skipping
Refreshing native plugins compatible for Editor in 0.20 ms, found 0 plugins.
Preloading 0 native plugins for Editor in 0.00 ms.
Unloading 1096 Unused Serialized files (Serialized files now loaded: 0)
System memory in use before: 60.7 MB.
System memory in use after: 60.7 MB.

Unloading 5 unused Assets to reduce memory usage. Loaded Objects now: 1565.
Total: 2.008300 ms (FindLiveObjects: 0.150900 ms CreateObjectMapping: 0.035600 ms MarkObjects: 1.726100 ms  DeleteObjects: 0.094400 ms)

========================================================================
Received Prepare
Registering precompiled user dll's ...
Registered in 0.000746 seconds.
Begin MonoManager ReloadAssembly
Native extension for WindowsStandalone target not found
Refreshing native plugins compatible for Editor in 0.26 ms, found 0 plugins.
Preloading 0 native plugins for Editor in 0.00 ms.
Invoked RoslynAnalysisRunner static constructor.
RoslynAnalysisRunner will not be running.
RoslynAnalysisRunner has terminated.
Mono: successfully reloaded assembly
- Completed reload, in  0.903 seconds
Platform modules already initialized, skipping
Refreshing native plugins compatible for Editor in 0.22 ms, found 0 plugins.
Preloading 0 native plugins for Editor in 0.00 ms.
Unloading 1096 Unused Serialized files (Serialized files now loaded: 0)
System memory in use before: 60.8 MB.
System memory in use after: 60.9 MB.

Unloading 5 unused Assets to reduce memory usage. Loaded Objects now: 1567.
Total: 5.041800 ms (FindLiveObjects: 0.485700 ms CreateObjectMapping: 0.083100 ms MarkObjects: 4.390700 ms  DeleteObjects: 0.075500 ms)

========================================================================
Received Prepare
Registering precompiled user dll's ...
Registered in 0.000786 seconds.
Begin MonoManager ReloadAssembly
Native extension for WindowsStandalone target not found
Refreshing native plugins compatible for Editor in 0.20 ms, found 0 plugins.
Preloading 0 native plugins for Editor in 0.00 ms.
Invoked RoslynAnalysisRunner static constructor.
RoslynAnalysisRunner will not be running.
RoslynAnalysisRunner has terminated.
Mono: successfully reloaded assembly
- Completed reload, in  0.884 seconds
Platform modules already initialized, skipping
Refreshing native plugins compatible for Editor in 0.23 ms, found 0 plugins.
Preloading 0 native plugins for Editor in 0.00 ms.
Unloading 1096 Unused Serialized files (Serialized files now loaded: 0)
System memory in use before: 61.0 MB.
System memory in use after: 61.1 MB.

Unloading 5 unused Assets to reduce memory usage. Loaded Objects now: 1569.
Total: 1.938700 ms (FindLiveObjects: 0.199000 ms CreateObjectMapping: 0.056500 ms MarkObjects: 1.617900 ms  DeleteObjects: 0.063300 ms)

========================================================================
Received Prepare
Registering precompiled user dll's ...
Registered in 0.000825 seconds.
Begin MonoManager ReloadAssembly
Native extension for WindowsStandalone target not found
Refreshing native plugins compatible for Editor in 0.20 ms, found 0 plugins.
Preloading 0 native plugins for Editor in 0.00 ms.
Invoked RoslynAnalysisRunner static constructor.
RoslynAnalysisRunner will not be running.
RoslynAnalysisRunner has terminated.
Mono: successfully reloaded assembly
- Completed reload, in  0.799 seconds
Platform modules already initialized, skipping
Refreshing native plugins compatible for Editor in 0.30 ms, found 0 plugins.
Preloading 0 native plugins for Editor in 0.00 ms.
Unloading 1096 Unused Serialized files (Serialized files now loaded: 0)
System memory in use before: 61.2 MB.
System memory in use after: 61.3 MB.

Unloading 5 unused Assets to reduce memory usage. Loaded Objects now: 1571.
Total: 2.013500 ms (FindLiveObjects: 0.251400 ms CreateObjectMapping: 0.057200 ms MarkObjects: 1.626900 ms  DeleteObjects: 0.076000 ms)

========================================================================
Received Import Request.
  Time since last request: 494.796211 seconds.
  path: Assets/Character.cs
  artifactKey: Guid(521e9dff916180449b43719abb7d65bc) Importer(815301076,1909f56bfc062723c751e8b465ee728b)
Start importing Assets/Character.cs using Guid(521e9dff916180449b43719abb7d65bc) Importer(815301076,1909f56bfc062723c751e8b465ee728b)  -> (artifact id: '29a887b6228958dd6b97bb532bd76c5e') in 0.014297 seconds
  Import took 0.016743 seconds .

========================================================================
Received Import Request.
  Time since last request: 0.002070 seconds.
  path: Assets/Character.cs
  artifactKey: Guid(521e9dff916180449b43719abb7d65bc) Importer(815301076,1909f56bfc062723c751e8b465ee728b)
Start importing Assets/Character.cs using Guid(521e9dff916180449b43719abb7d65bc) Importer(815301076,1909f56bfc062723c751e8b465ee728b)  -> (artifact id: '29a887b6228958dd6b97bb532bd76c5e') in 0.005190 seconds
  Import took 0.008823 seconds .

========================================================================
Received Import Request.
  Time since last request: 1.692728 seconds.
  path: Assets/DialogueManager.cs
  artifactKey: Guid(122cecef2f3d69941b0b4dbccc124cdc) Importer(815301076,1909f56bfc062723c751e8b465ee728b)
Start importing Assets/DialogueManager.cs using Guid(122cecef2f3d69941b0b4dbccc124cdc) Importer(815301076,1909f56bfc062723c751e8b465ee728b)  -> (artifact id: '77db8181adaeaf096086578dbd9d8a95') in 0.008452 seconds
  Import took 0.011002 seconds .

========================================================================
Received Prepare
Registering precompiled user dll's ...
Registered in 0.001521 seconds.
Begin MonoManager ReloadAssembly
Native extension for WindowsStandalone target not found
Refreshing native plugins compatible for Editor in 0.20 ms, found 0 plugins.
Preloading 0 native plugins for Editor in 0.00 ms.
Invoked RoslynAnalysisRunner static constructor.
RoslynAnalysisRunner will not be running.
RoslynAnalysisRunner has terminated.
Mono: successfully reloaded assembly
- Completed reload, in  0.868 seconds
Platform modules already initialized, skipping
Refreshing native plugins compatible for Editor in 0.21 ms, found 0 plugins.
Preloading 0 native plugins for Editor in 0.00 ms.
Unloading 1096 Unused Serialized files (Serialized files now loaded: 0)
System memory in use before: 61.4 MB.
System memory in use after: 61.4 MB.

Unloading 5 unused Assets to reduce memory usage. Loaded Objects now: 1573.
Total: 2.448000 ms (FindLiveObjects: 0.197700 ms CreateObjectMapping: 0.072600 ms MarkObjects: 2.098800 ms  DeleteObjects: 0.076900 ms)

========================================================================
Received Import Request.
  Time since last request: 120.315323 seconds.
  path: Assets/Ike.asset
  artifactKey: Guid(98fe1f2e596cfc44ab423c991bb690c7) Importer(815301076,1909f56bfc062723c751e8b465ee728b)
Start importing Assets/Ike.asset using Guid(98fe1f2e596cfc44ab423c991bb690c7) Importer(815301076,1909f56bfc062723c751e8b465ee728b)  -> (artifact id: 'ad56d81e52d365f35f2bfe013139d2cc') in 0.018214 seconds
  Import took 0.020860 seconds .

========================================================================
Received Prepare
Registering precompiled user dll's ...
Registered in 0.000755 seconds.
Begin MonoManager ReloadAssembly
Native extension for WindowsStandalone target not found
Refreshing native plugins compatible for Editor in 0.34 ms, found 0 plugins.
Preloading 0 native plugins for Editor in 0.00 ms.
Invoked RoslynAnalysisRunner static constructor.
RoslynAnalysisRunner will not be running.
RoslynAnalysisRunner has terminated.
Mono: successfully reloaded assembly
- Completed reload, in  0.854 seconds
Platform modules already initialized, skipping
Refreshing native plugins compatible for Editor in 0.32 ms, found 0 plugins.
Preloading 0 native plugins for Editor in 0.00 ms.
Unloading 1096 Unused Serialized files (Serialized files now loaded: 0)
System memory in use before: 61.4 MB.
System memory in use after: 61.5 MB.

Unloading 5 unused Assets to reduce memory usage. Loaded Objects now: 1575.
Total: 2.121300 ms (FindLiveObjects: 0.152800 ms CreateObjectMapping: 0.041200 ms MarkObjects: 1.864400 ms  DeleteObjects: 0.061400 ms)

========================================================================
Received Prepare
Registering precompiled user dll's ...
Registered in 0.001031 seconds.
Begin MonoManager ReloadAssembly
Native extension for WindowsStandalone target not found
Refreshing native plugins compatible for Editor in 0.21 ms, found 0 plugins.
Preloading 0 native plugins for Editor in 0.00 ms.
Invoked RoslynAnalysisRunner static constructor.
RoslynAnalysisRunner will not be running.
RoslynAnalysisRunner has terminated.
Mono: successfully reloaded assembly
- Completed reload, in  0.765 seconds
Platform modules already initialized, skipping
Refreshing native plugins compatible for Editor in 0.23 ms, found 0 plugins.
Preloading 0 native plugins for Editor in 0.00 ms.
Unloading 1096 Unused Serialized files (Serialized files now loaded: 0)
System memory in use before: 61.7 MB.
System memory in use after: 61.8 MB.

Unloading 5 unused Assets to reduce memory usage. Loaded Objects now: 1577.
Total: 1.972900 ms (FindLiveObjects: 0.175400 ms CreateObjectMapping: 0.048900 ms MarkObjects: 1.668000 ms  DeleteObjects: 0.079400 ms)

========================================================================
Received Prepare
Registering precompiled user dll's ...
Registered in 0.000745 seconds.
Begin MonoManager ReloadAssembly
Native extension for WindowsStandalone target not found
Refreshing native plugins compatible for Editor in 0.21 ms, found 0 plugins.
Preloading 0 native plugins for Editor in 0.00 ms.
Invoked RoslynAnalysisRunner static constructor.
RoslynAnalysisRunner will not be running.
RoslynAnalysisRunner has terminated.
Mono: successfully reloaded assembly
- Completed reload, in  0.879 seconds
Platform modules already initialized, skipping
Refreshing native plugins compatible for Editor in 0.24 ms, found 0 plugins.
Preloading 0 native plugins for Editor in 0.00 ms.
Unloading 1096 Unused Serialized files (Serialized files now loaded: 0)
System memory in use before: 61.9 MB.
System memory in use after: 62.0 MB.

Unloading 5 unused Assets to reduce memory usage. Loaded Objects now: 1579.
Total: 2.160000 ms (FindLiveObjects: 0.298200 ms CreateObjectMapping: 0.041900 ms MarkObjects: 1.710800 ms  DeleteObjects: 0.107300 ms)

========================================================================
Received Prepare
Registering precompiled user dll's ...
Registered in 0.001747 seconds.
Begin MonoManager ReloadAssembly
Native extension for WindowsStandalone target not found
Refreshing native plugins compatible for Editor in 0.20 ms, found 0 plugins.
Preloading 0 native plugins for Editor in 0.00 ms.
Invoked RoslynAnalysisRunner static constructor.
RoslynAnalysisRunner will not be running.
RoslynAnalysisRunner has terminated.
Mono: successfully reloaded assembly
- Completed reload, in  0.877 seconds
Platform modules already initialized, skipping
Refreshing native plugins compatible for Editor in 0.23 ms, found 0 plugins.
Preloading 0 native plugins for Editor in 0.00 ms.
Unloading 1096 Unused Serialized files (Serialized files now loaded: 0)
System memory in use before: 62.1 MB.
System memory in use after: 62.2 MB.

Unloading 5 unused Assets to reduce memory usage. Loaded Objects now: 1581.
Total: 2.761000 ms (FindLiveObjects: 0.238400 ms CreateObjectMapping: 0.121300 ms MarkObjects: 2.281500 ms  DeleteObjects: 0.117800 ms)

========================================================================
Received Prepare
Registering precompiled user dll's ...
Registered in 0.000978 seconds.
Begin MonoManager ReloadAssembly
Native extension for WindowsStandalone target not found
Refreshing native plugins compatible for Editor in 0.37 ms, found 0 plugins.
Preloading 0 native plugins for Editor in 0.00 ms.
Invoked RoslynAnalysisRunner static constructor.
RoslynAnalysisRunner will not be running.
RoslynAnalysisRunner has terminated.
Mono: successfully reloaded assembly
- Completed reload, in  0.759 seconds
Platform modules already initialized, skipping
Refreshing native plugins compatible for Editor in 0.30 ms, found 0 plugins.
Preloading 0 native plugins for Editor in 0.00 ms.
Unloading 1096 Unused Serialized files (Serialized files now loaded: 0)
System memory in use before: 62.3 MB.
System memory in use after: 62.4 MB.

Unloading 5 unused Assets to reduce memory usage. Loaded Objects now: 1583.
Total: 2.415400 ms (FindLiveObjects: 0.211400 ms CreateObjectMapping: 0.034600 ms MarkObjects: 2.112500 ms  DeleteObjects: 0.055200 ms)

========================================================================
Received Prepare
Registering precompiled user dll's ...
Registered in 0.000721 seconds.
Begin MonoManager ReloadAssembly
Native extension for WindowsStandalone target not found
Refreshing native plugins compatible for Editor in 0.31 ms, found 0 plugins.
Preloading 0 native plugins for Editor in 0.00 ms.
Invoked RoslynAnalysisRunner static constructor.
RoslynAnalysisRunner will not be running.
RoslynAnalysisRunner has terminated.
Mono: successfully reloaded assembly
- Completed reload, in  0.835 seconds
Platform modules already initialized, skipping
Refreshing native plugins compatible for Editor in 0.24 ms, found 0 plugins.
Preloading 0 native plugins for Editor in 0.00 ms.
Unloading 1096 Unused Serialized files (Serialized files now loaded: 0)
System memory in use before: 62.5 MB.
System memory in use after: 62.5 MB.

Unloading 5 unused Assets to reduce memory usage. Loaded Objects now: 1585.
Total: 2.155600 ms (FindLiveObjects: 0.321800 ms CreateObjectMapping: 0.076000 ms MarkObjects: 1.665800 ms  DeleteObjects: 0.090600 ms)

========================================================================
Received Import Request.
  Time since last request: 918.703584 seconds.
  path: Assets/DarkKnight.asset
  artifactKey: Guid(dd45ef7b05da49847a0cd089e4213778) Importer(815301076,1909f56bfc062723c751e8b465ee728b)
Start importing Assets/DarkKnight.asset using Guid(dd45ef7b05da49847a0cd089e4213778) Importer(815301076,1909f56bfc062723c751e8b465ee728b)  -> (artifact id: 'e76afac0b3f01c609c61eebe4e458075') in 0.016478 seconds
  Import took 0.018587 seconds .

========================================================================
Received Import Request.
  Time since last request: 133.248868 seconds.
  path: Assets/Black-Knight-Radiance.png
  artifactKey: Guid(7bbcfdf31b35b79479aaec308caa7e34) Importer(815301076,1909f56bfc062723c751e8b465ee728b)
Start importing Assets/Black-Knight-Radiance.png using Guid(7bbcfdf31b35b79479aaec308caa7e34) Importer(815301076,1909f56bfc062723c751e8b465ee728b)  -> (artifact id: 'd756ab98a8863d9ba28c6d828555442b') in 0.058866 seconds
  Import took 0.061080 seconds .

========================================================================
Received Import Request.
  Time since last request: 10.116734 seconds.
  path: Assets/Black-Knight-Radiance.png
  artifactKey: Guid(7bbcfdf31b35b79479aaec308caa7e34) Importer(815301076,1909f56bfc062723c751e8b465ee728b)
Start importing Assets/Black-Knight-Radiance.png using Guid(7bbcfdf31b35b79479aaec308caa7e34) Importer(815301076,1909f56bfc062723c751e8b465ee728b)  -> (artifact id: '6ec645d728b6a04f4fd178978bde4496') in 0.054388 seconds
  Import took 0.057392 seconds .

========================================================================
Received Prepare
Registering precompiled user dll's ...
Registered in 0.000753 seconds.
Begin MonoManager ReloadAssembly
Native extension for WindowsStandalone target not found
Refreshing native plugins compatible for Editor in 0.22 ms, found 0 plugins.
Preloading 0 native plugins for Editor in 0.00 ms.
Invoked RoslynAnalysisRunner static constructor.
RoslynAnalysisRunner will not be running.
RoslynAnalysisRunner has terminated.
Mono: successfully reloaded assembly
- Completed reload, in  0.906 seconds
Platform modules already initialized, skipping
Refreshing native plugins compatible for Editor in 0.20 ms, found 0 plugins.
Preloading 0 native plugins for Editor in 0.00 ms.
Unloading 1096 Unused Serialized files (Serialized files now loaded: 0)
System memory in use before: 62.5 MB.
System memory in use after: 62.6 MB.

Unloading 5 unused Assets to reduce memory usage. Loaded Objects now: 1591.
Total: 1.960700 ms (FindLiveObjects: 0.152600 ms CreateObjectMapping: 0.041600 ms MarkObjects: 1.705500 ms  DeleteObjects: 0.059400 ms)

========================================================================
Received Prepare
Registering precompiled user dll's ...
Registered in 0.002576 seconds.
Begin MonoManager ReloadAssembly
Native extension for WindowsStandalone target not found
Refreshing native plugins compatible for Editor in 0.46 ms, found 0 plugins.
Preloading 0 native plugins for Editor in 0.00 ms.
Invoked RoslynAnalysisRunner static constructor.
RoslynAnalysisRunner will not be running.
RoslynAnalysisRunner has terminated.
Mono: successfully reloaded assembly
- Completed reload, in  1.068 seconds
Platform modules already initialized, skipping
Refreshing native plugins compatible for Editor in 0.21 ms, found 0 plugins.
Preloading 0 native plugins for Editor in 0.00 ms.
Unloading 1096 Unused Serialized files (Serialized files now loaded: 0)
System memory in use before: 61.8 MB.
System memory in use after: 61.9 MB.

Unloading 5 unused Assets to reduce memory usage. Loaded Objects now: 1593.
Total: 2.182500 ms (FindLiveObjects: 0.192000 ms CreateObjectMapping: 0.044100 ms MarkObjects: 1.881700 ms  DeleteObjects: 0.062900 ms)

========================================================================
Received Prepare
Registering precompiled user dll's ...
Registered in 0.000729 seconds.
Begin MonoManager ReloadAssembly
Native extension for WindowsStandalone target not found
Refreshing native plugins compatible for Editor in 0.22 ms, found 0 plugins.
Preloading 0 native plugins for Editor in 0.00 ms.
Invoked RoslynAnalysisRunner static constructor.
RoslynAnalysisRunner will not be running.
RoslynAnalysisRunner has terminated.
Mono: successfully reloaded assembly
- Completed reload, in  1.121 seconds
Platform modules already initialized, skipping
Refreshing native plugins compatible for Editor in 0.23 ms, found 0 plugins.
Preloading 0 native plugins for Editor in 0.00 ms.
Unloading 1096 Unused Serialized files (Serialized files now loaded: 0)
System memory in use before: 62.0 MB.
System memory in use after: 62.1 MB.

Unloading 5 unused Assets to reduce memory usage. Loaded Objects now: 1595.
Total: 2.031900 ms (FindLiveObjects: 0.217100 ms CreateObjectMapping: 0.040800 ms MarkObjects: 1.670900 ms  DeleteObjects: 0.101600 ms)

========================================================================
Received Prepare
Registering precompiled user dll's ...
Registered in 0.001408 seconds.
Begin MonoManager ReloadAssembly
Native extension for WindowsStandalone target not found
Refreshing native plugins compatible for Editor in 0.27 ms, found 0 plugins.
Preloading 0 native plugins for Editor in 0.00 ms.
Invoked RoslynAnalysisRunner static constructor.
RoslynAnalysisRunner will not be running.
RoslynAnalysisRunner has terminated.
Mono: successfully reloaded assembly
- Completed reload, in  1.101 seconds
Platform modules already initialized, skipping
Refreshing native plugins compatible for Editor in 0.61 ms, found 0 plugins.
Preloading 0 native plugins for Editor in 0.00 ms.
Unloading 1096 Unused Serialized files (Serialized files now loaded: 0)
System memory in use before: 62.2 MB.
System memory in use after: 62.2 MB.

Unloading 5 unused Assets to reduce memory usage. Loaded Objects now: 1597.
Total: 2.846300 ms (FindLiveObjects: 0.300900 ms CreateObjectMapping: 0.071700 ms MarkObjects: 2.379200 ms  DeleteObjects: 0.071000 ms)

========================================================================
Received Prepare
Registering precompiled user dll's ...
Registered in 0.002873 seconds.
Begin MonoManager ReloadAssembly
Native extension for WindowsStandalone target not found
Refreshing native plugins compatible for Editor in 0.25 ms, found 0 plugins.
Preloading 0 native plugins for Editor in 0.00 ms.
Invoked RoslynAnalysisRunner static constructor.
RoslynAnalysisRunner will not be running.
RoslynAnalysisRunner has terminated.
Mono: successfully reloaded assembly
- Completed reload, in  0.926 seconds
Platform modules already initialized, skipping
Refreshing native plugins compatible for Editor in 0.24 ms, found 0 plugins.
Preloading 0 native plugins for Editor in 0.00 ms.
Unloading 1096 Unused Serialized files (Serialized files now loaded: 0)
System memory in use before: 62.3 MB.
System memory in use after: 62.4 MB.

Unloading 5 unused Assets to reduce memory usage. Loaded Objects now: 1599.
Total: 2.049400 ms (FindLiveObjects: 0.206000 ms CreateObjectMapping: 0.045800 ms MarkObjects: 1.741300 ms  DeleteObjects: 0.054500 ms)

========================================================================
Received Prepare
Registering precompiled user dll's ...
Registered in 0.000771 seconds.
Begin MonoManager ReloadAssembly
Native extension for WindowsStandalone target not found
Refreshing native plugins compatible for Editor in 0.21 ms, found 0 plugins.
Preloading 0 native plugins for Editor in 0.00 ms.
Invoked RoslynAnalysisRunner static constructor.
RoslynAnalysisRunner will not be running.
RoslynAnalysisRunner has terminated.
Mono: successfully reloaded assembly
- Completed reload, in  0.985 seconds
Platform modules already initialized, skipping
Refreshing native plugins compatible for Editor in 0.35 ms, found 0 plugins.
Preloading 0 native plugins for Editor in 0.00 ms.
Unloading 1096 Unused Serialized files (Serialized files now loaded: 0)
System memory in use before: 62.5 MB.
System memory in use after: 62.6 MB.

Unloading 5 unused Assets to reduce memory usage. Loaded Objects now: 1601.
Total: 2.406300 ms (FindLiveObjects: 0.193200 ms CreateObjectMapping: 0.038800 ms MarkObjects: 1.999600 ms  DeleteObjects: 0.173300 ms)

========================================================================
Received Import Request.
  Time since last request: 2105.478241 seconds.
  path: Assets/DarkKnight.asset
  artifactKey: Guid(dd45ef7b05da49847a0cd089e4213778) Importer(815301076,1909f56bfc062723c751e8b465ee728b)
Start importing Assets/DarkKnight.asset using Guid(dd45ef7b05da49847a0cd089e4213778) Importer(815301076,1909f56bfc062723c751e8b465ee728b)  -> (artifact id: 'ac2d7bd3439193b4d9259b95a15dd82e') in 0.030143 seconds
  Import took 0.033515 seconds .

========================================================================
Received Import Request.
  Time since last request: 0.000375 seconds.
  path: Assets/Ike.asset
  artifactKey: Guid(98fe1f2e596cfc44ab423c991bb690c7) Importer(815301076,1909f56bfc062723c751e8b465ee728b)
Start importing Assets/Ike.asset using Guid(98fe1f2e596cfc44ab423c991bb690c7) Importer(815301076,1909f56bfc062723c751e8b465ee728b)  -> (artifact id: 'de0d3e9945a64deb1d3d95eec813c840') in 0.011231 seconds
  Import took 0.016720 seconds .

AssetImportWorkerClient::OnTransportError - code=2 error=End of file
