Using pre-set license
Built from '2020.2/release' branch; Version is '2020.2.2f1 (068178b99f32) revision 426360'; Using compiler version '192528614'; Build Type 'Release'
OS: 'Windows 10 Home; OS build 19041.746; Version 2004; 64bit' Language: 'fr' Physical Memory: 16267 MB
BatchMode: 1, IsHumanControllingUs: 0, StartBugReporterOnCrash: 0, Is64bit: 1, IsPro: 0

 COMMAND LINE ARGUMENTS:
D:\Program Files\2020.2.2f1\Editor\Unity.exe
-adb2
-batchMode
-noUpm
-name
AssetImportWorker0
-projectPath
C:/Users/thibb/Desktop/ProjetVR_Tuto-main/TP3
-logFile
Logs/AssetImportWorker0.log
-srvPort
22234
Successfully changed project path to: C:/Users/thibb/Desktop/ProjetVR_Tuto-main/TP3
C:/Users/thibb/Desktop/ProjetVR_Tuto-main/TP3
Using Asset Import Pipeline V2.
Refreshing native plugins compatible for Editor in 48.30 ms, found 0 plugins.
Preloading 0 native plugins for Editor in 0.00 ms.
Initialize engine version: 2020.2.2f1 (068178b99f32)
[Subsystems] Discovering subsystems at path D:/Program Files/2020.2.2f1/Editor/Data/Resources/UnitySubsystems
[Subsystems] Discovering subsystems at path C:/Users/thibb/Desktop/ProjetVR_Tuto-main/TP3/Assets
GfxDevice: creating device client; threaded=0
Direct3D:
    Version:  Direct3D 11.0 [level 11.1]
    Renderer: NVIDIA GeForce GTX 1050 (ID=0x1c8d)
    Vendor:   
    VRAM:     4021 MB
    Driver:   27.21.14.6140
Initialize mono
Mono path[0] = 'D:/Program Files/2020.2.2f1/Editor/Data/Managed'
Mono path[1] = 'D:/Program Files/2020.2.2f1/Editor/Data/MonoBleedingEdge/lib/mono/unityjit'
Mono config path = 'D:/Program Files/2020.2.2f1/Editor/Data/MonoBleedingEdge/etc'
Using monoOptions --debugger-agent=transport=dt_socket,embedding=1,server=y,suspend=n,address=127.0.0.1:56536
Begin MonoManager ReloadAssembly
Registering precompiled unity dll's ...
Register platform support module: D:/Program Files/2020.2.2f1/Editor/Data/PlaybackEngines/WindowsStandaloneSupport/UnityEditor.WindowsStandalone.Extensions.dll
Registered in 0.001086 seconds.
Native extension for WindowsStandalone target not found
Refreshing native plugins compatible for Editor in 33.98 ms, found 0 plugins.
Preloading 0 native plugins for Editor in 0.00 ms.
Invoked RoslynAnalysisRunner static constructor.
RoslynAnalysisRunner will not be running.
RoslynAnalysisRunner has terminated.
Mono: successfully reloaded assembly
- Completed reload, in  2.170 seconds
Platform modules already initialized, skipping
Registering precompiled user dll's ...
Registered in 0.000751 seconds.
Begin MonoManager ReloadAssembly
Native extension for WindowsStandalone target not found
Refreshing native plugins compatible for Editor in 0.41 ms, found 0 plugins.
Preloading 0 native plugins for Editor in 0.00 ms.
Invoked RoslynAnalysisRunner static constructor.
RoslynAnalysisRunner will not be running.
RoslynAnalysisRunner has terminated.
Mono: successfully reloaded assembly
- Completed reload, in  1.242 seconds
Platform modules already initialized, skipping
========================================================================
Worker process is ready to serve import requests
Launched and connected shader compiler UnityShaderCompiler.exe after 0.10 seconds
Refreshing native plugins compatible for Editor in 0.20 ms, found 0 plugins.
Preloading 0 native plugins for Editor in 0.00 ms.
Unloading 1114 Unused Serialized files (Serialized files now loaded: 0)
System memory in use before: 58.5 MB.
System memory in use after: 58.6 MB.

Unloading 10 unused Assets to reduce memory usage. Loaded Objects now: 1556.
Total: 2.290400 ms (FindLiveObjects: 0.262100 ms CreateObjectMapping: 0.113500 ms MarkObjects: 1.808600 ms  DeleteObjects: 0.104600 ms)

========================================================================
Received Import Request.
  path: Assets/latest.png
  artifactKey: Guid(e073ba1dc03078f4f9d8ba9d766594cb) Importer(815301076,1909f56bfc062723c751e8b465ee728b)
Start importing Assets/latest.png using Guid(e073ba1dc03078f4f9d8ba9d766594cb) Importer(815301076,1909f56bfc062723c751e8b465ee728b)  -> (artifact id: '23fe4ca2f0b1cd7c3f4349463a19fbd4') in 0.167204 seconds
  Import took 0.173533 seconds .

========================================================================
Received Import Request.
  Time since last request: 3.047932 seconds.
  path: Assets/latest.png
  artifactKey: Guid(e073ba1dc03078f4f9d8ba9d766594cb) Importer(815301076,1909f56bfc062723c751e8b465ee728b)
Start importing Assets/latest.png using Guid(e073ba1dc03078f4f9d8ba9d766594cb) Importer(815301076,1909f56bfc062723c751e8b465ee728b)  -> (artifact id: 'd8bf00288634c14b121670eabe772ae9') in 0.100209 seconds
  Import took 0.105007 seconds .

========================================================================
Received Prepare
Registering precompiled user dll's ...
Registered in 0.001107 seconds.
Begin MonoManager ReloadAssembly
Native extension for WindowsStandalone target not found
Refreshing native plugins compatible for Editor in 0.21 ms, found 0 plugins.
Preloading 0 native plugins for Editor in 0.00 ms.
Invoked RoslynAnalysisRunner static constructor.
RoslynAnalysisRunner will not be running.
RoslynAnalysisRunner has terminated.
Mono: successfully reloaded assembly
- Completed reload, in  1.025 seconds
Platform modules already initialized, skipping
Refreshing native plugins compatible for Editor in 0.30 ms, found 0 plugins.
Preloading 0 native plugins for Editor in 0.00 ms.
Unloading 1096 Unused Serialized files (Serialized files now loaded: 0)
System memory in use before: 60.7 MB.
System memory in use after: 60.8 MB.

Unloading 5 unused Assets to reduce memory usage. Loaded Objects now: 1565.
Total: 2.101900 ms (FindLiveObjects: 0.248100 ms CreateObjectMapping: 0.035300 ms MarkObjects: 1.735500 ms  DeleteObjects: 0.082000 ms)

========================================================================
Received Prepare
Registering precompiled user dll's ...
Registered in 0.001286 seconds.
Begin MonoManager ReloadAssembly
Native extension for WindowsStandalone target not found
Refreshing native plugins compatible for Editor in 0.21 ms, found 0 plugins.
Preloading 0 native plugins for Editor in 0.00 ms.
Invoked RoslynAnalysisRunner static constructor.
RoslynAnalysisRunner will not be running.
RoslynAnalysisRunner has terminated.
Mono: successfully reloaded assembly
- Completed reload, in  1.003 seconds
Platform modules already initialized, skipping
Refreshing native plugins compatible for Editor in 0.23 ms, found 0 plugins.
Preloading 0 native plugins for Editor in 0.00 ms.
Unloading 1096 Unused Serialized files (Serialized files now loaded: 0)
System memory in use before: 60.9 MB.
System memory in use after: 61.0 MB.

Unloading 5 unused Assets to reduce memory usage. Loaded Objects now: 1567.
Total: 2.655600 ms (FindLiveObjects: 0.206200 ms CreateObjectMapping: 0.039900 ms MarkObjects: 2.297100 ms  DeleteObjects: 0.110000 ms)

